<?xml version="1.0" encoding="UTF-8"?>
<testsuite name="TestDomain" tests="5" skipped="0" failures="0" errors="0" timestamp="2022-03-06T09:24:11" hostname="ANDREEA" time="0.132">
  <properties/>
  <testcase name="Test Show" classname="TestDomain" time="0.086"/>
  <testcase name="Test Office Employee" classname="TestDomain" time="0.014"/>
  <testcase name="Test Artist" classname="TestDomain" time="0.016"/>
  <testcase name="Test Entity" classname="TestDomain" time="0.003"/>
  <testcase name="Test Ticket" classname="TestDomain" time="0.006"/>
  <system-out><![CDATA[]]></system-out>
  <system-err><![CDATA[]]></system-err>
</testsuite>
